2019-05-22 10:44:04,357 INFO [main] b.BaseTest [BaseTest.java:100] BEFORESUITE
2019-05-22 10:44:04,357 INFO [main] b.BaseTest [BaseTest.java:102] SuiteName=Default suite
2019-05-22 10:44:04,363 INFO [main] b.BaseTest [BaseTest.java:104] resourcePath=C:\Users\nbontoux\Documents\Eclipse\selenium\infomil_selenium\src\test\resources
2019-05-22 10:44:04,363 INFO [main] b.BaseTest [BaseTest.java:106] targetPath=C:\Users\nbontoux\Documents\Eclipse\selenium\infomil_selenium\target
2019-05-22 10:44:04,368 WARN [main] b.BaseTest [BaseTest.java:118] Use default SUT because patrameter SUT is wrong
2019-05-22 10:44:04,373 INFO [main] b.BaseTest [BaseTest.java:217] currentPlatForm in test method=APPIUM_ANDROID_CHROME
2019-05-22 10:44:04,373 INFO [main] b.ExtentManager [ExtentManager.java:19] workingDir=C:\Users\nbontoux\Documents\Eclipse\selenium\infomil_selenium
2019-05-22 10:44:04,373 INFO [main] b.ExtentManager [ExtentManager.java:21] reportDir=C:\Users\nbontoux\Documents\Eclipse\selenium\infomil_selenium/target/ExtentReports/ExtentReportResults.html
2019-05-22 10:44:04,471 INFO [main] b.BaseTest [BaseTest.java:141] BEFORETEST
2019-05-22 10:44:04,471 INFO [main] b.BaseTest [BaseTest.java:142] testName=Default test
2019-05-22 10:44:04,471 INFO [main] b.BaseTest [BaseTest.java:217] currentPlatForm in test method=APPIUM_ANDROID_CHROME
2019-05-22 10:44:14,481 INFO [main] b.BaseTest [BaseTest.java:316] setUpDriver for APPIUM_ANDROID_CHROME
2019-05-22 10:44:15,003 INFO [main] b.BaseTest [BaseTest.java:639] Get Server status : http://localhost:4723/wd/hub/status {"sessionId":null,"value":{"build":{"version":"1.10.0"}},"status":0}
2019-05-22 10:44:15,003 INFO [main] b.BaseTest [BaseTest.java:500] Setting desiredCapabilities defined in config/appium.android.web.desiredCapabilities.properties
2019-05-22 10:44:15,003 INFO [main] b.BaseTest [BaseTest.java:506] setCapability for platformName=Android
2019-05-22 10:44:15,003 INFO [main] b.BaseTest [BaseTest.java:506] setCapability for deviceName=Android Device
2019-05-22 10:44:15,003 INFO [main] b.BaseTest [BaseTest.java:506] setCapability for noReset=true
2019-05-22 10:44:15,003 INFO [main] b.BaseTest [BaseTest.java:506] setCapability for newCommandTimeout=300
2019-05-22 10:44:15,003 INFO [main] b.BaseTest [BaseTest.java:506] setCapability for browserName=Chrome
2019-05-22 10:44:15,003 INFO [main] b.BaseTest [BaseTest.java:506] setCapability for fullReset=false
2019-05-22 10:44:44,481 INFO [main] b.BaseTest [BaseTest.java:578] get Value of battery level  level: 100

2019-05-22 10:44:44,481 INFO [main] b.BaseTest [BaseTest.java:430] driver session ID f4d64781-39fd-4401-94a3-99cf9b6d9253
2019-05-22 10:44:44,482 INFO [main] b.BaseTest [BaseTest.java:434] driver capabilities browserName=Chrome
2019-05-22 10:44:44,482 INFO [main] b.BaseTest [BaseTest.java:434] driver capabilities databaseEnabled=false
2019-05-22 10:44:44,482 INFO [main] b.BaseTest [BaseTest.java:434] driver capabilities desired={browserName=Chrome, platformName=android, deviceName=Android Device, fullReset=false, newCommandTimeout=300, noReset=true}
2019-05-22 10:44:44,482 INFO [main] b.BaseTest [BaseTest.java:434] driver capabilities deviceManufacturer=samsung
2019-05-22 10:44:44,483 INFO [main] b.BaseTest [BaseTest.java:434] driver capabilities deviceModel=SM-A520F
2019-05-22 10:44:44,483 INFO [main] b.BaseTest [BaseTest.java:434] driver capabilities deviceName=5200bd38feca15af
2019-05-22 10:44:44,483 INFO [main] b.BaseTest [BaseTest.java:434] driver capabilities deviceScreenSize=1080x1920
2019-05-22 10:44:44,483 INFO [main] b.BaseTest [BaseTest.java:434] driver capabilities deviceUDID=5200bd38feca15af
2019-05-22 10:44:44,483 INFO [main] b.BaseTest [BaseTest.java:434] driver capabilities fullReset=false
2019-05-22 10:44:44,483 INFO [main] b.BaseTest [BaseTest.java:434] driver capabilities javascriptEnabled=true
2019-05-22 10:44:44,483 INFO [main] b.BaseTest [BaseTest.java:434] driver capabilities locationContextEnabled=false
2019-05-22 10:44:44,484 INFO [main] b.BaseTest [BaseTest.java:434] driver capabilities networkConnectionEnabled=true
2019-05-22 10:44:44,484 INFO [main] b.BaseTest [BaseTest.java:434] driver capabilities newCommandTimeout=300
2019-05-22 10:44:44,484 INFO [main] b.BaseTest [BaseTest.java:434] driver capabilities noReset=true
2019-05-22 10:44:44,484 INFO [main] b.BaseTest [BaseTest.java:434] driver capabilities platform=LINUX
2019-05-22 10:44:44,484 INFO [main] b.BaseTest [BaseTest.java:434] driver capabilities platformName=Android
2019-05-22 10:44:44,484 INFO [main] b.BaseTest [BaseTest.java:434] driver capabilities platformVersion=8.0.0
2019-05-22 10:44:44,484 INFO [main] b.BaseTest [BaseTest.java:434] driver capabilities takesScreenshot=true
2019-05-22 10:44:44,484 INFO [main] b.BaseTest [BaseTest.java:434] driver capabilities warnings={}
2019-05-22 10:44:44,484 INFO [main] b.BaseTest [BaseTest.java:434] driver capabilities webStorageEnabled=false
2019-05-22 10:44:44,499 INFO [main] b.BaseTest [BaseTest.java:176] BEFOREMETHOD
2019-05-22 10:44:44,499 INFO [main] b.BaseTest [BaseTest.java:178] methodName=buyProduct
2019-05-22 10:44:48,049 INFO [main] b.BasePage [HomePage.java:54] cliquer sur la zone de recherche
2019-05-22 10:44:49,199 INFO [main] b.BasePage [HomePage.java:60] saisir nom de magasin KO : Tokyo
2019-05-22 10:44:50,253 INFO [main] b.BasePage [HomePage.java:70] le message d'erreur est affich?
2019-05-22 10:44:51,428 INFO [main] b.BasePage [HomePage.java:89] saisir Nom du magasin OK : Roques sur Garonne
2019-05-22 10:44:51,550 INFO [main] b.BasePage [HomePage.java:97] autocompletion est affich?e
2019-05-22 10:44:52,168 INFO [main] b.BasePage [HomePage.java:107] cliquer sur le 1 er choix de l'auto completion 
2019-05-22 10:44:52,979 INFO [main] b.BasePage [HomePage.java:114]  selectionner le resultat du recherche 
2019-05-22 10:44:56,077 INFO [main] b.BasePage [HomePage.java:121] cliquer sur le bouton choisir ce drive
2019-05-22 10:44:56,077 INFO [main] b.BasePage [HomePage.java:39] Select magasin
2019-05-22 10:44:56,082 INFO [main] b.BaseTest [BuyProduct.java:41] Section selected
2019-05-22 10:45:02,783 INFO [main] b.BasePage [MagasinHomePage.java:39] PopUp closed
2019-05-22 10:45:06,977 INFO [main] b.BasePage [MagasinHomePage.java:41] Aubergines searched
2019-05-22 10:45:08,332 INFO [main] b.BasePage [MagasinHomePage.java:43] Product(s) added to basket
2019-05-22 10:45:08,332 INFO [main] b.BaseTest [BuyProduct.java:44] Product selected
2019-05-22 10:45:10,150 INFO [main] b.BaseTest [BaseTest.java:559] STEP=selectProductC:\Users\nbontoux\Documents\Eclipse\selenium\infomil_selenium\target\screenshots\Default_test_1558514708332.png
2019-05-22 10:45:25,745 INFO [main] b.BasePage [ResultPage.java:32] 10 produits ajoutes au panier
2019-05-22 10:45:27,626 INFO [main] b.BasePage [ResultPage.java:38] En chemin pour le detail panier
2019-05-22 10:45:27,626 INFO [main] b.BaseTest [BuyProduct.java:48] Product added to basket
2019-05-22 10:45:28,937 INFO [main] b.BaseTest [BaseTest.java:559] STEP=productAddedBasketC:\Users\nbontoux\Documents\Eclipse\selenium\infomil_selenium\target\screenshots\Default_test_1558514727626.png
2019-05-22 10:45:39,066 INFO [main] b.BaseTest [BaseTest.java:183] AFTERMETHOD
2019-05-22 10:45:39,066 INFO [main] b.BaseTest [BaseTest.java:202] #####RESULT##### Default test buyProduct FAILED
2019-05-22 10:45:40,795 INFO [main] b.BaseTest [BaseTest.java:559] STEP=lastCaptureTest_Default test_buyProductC:\Users\nbontoux\Documents\Eclipse\selenium\infomil_selenium\target\screenshots\Default_test_1558514739071.png
2019-05-22 10:45:40,799 INFO [main] b.BaseTest [BaseTest.java:159] AFTERTEST
2019-05-22 10:45:40,804 INFO [main] b.BaseTest [BaseTest.java:446] closeDriver for APPIUM_ANDROID_CHROME
2019-05-22 10:45:44,378 INFO [main] b.BaseTest [BaseTest.java:131] AFTERSUITE
2019-05-22 10:47:28,141 INFO [main] b.BaseTest [BaseTest.java:100] BEFORESUITE
2019-05-22 10:47:28,141 INFO [main] b.BaseTest [BaseTest.java:102] SuiteName=Default suite
2019-05-22 10:47:28,146 INFO [main] b.BaseTest [BaseTest.java:104] resourcePath=C:\Users\nbontoux\Documents\Eclipse\selenium\infomil_selenium\src\test\resources
2019-05-22 10:47:28,146 INFO [main] b.BaseTest [BaseTest.java:106] targetPath=C:\Users\nbontoux\Documents\Eclipse\selenium\infomil_selenium\target
2019-05-22 10:47:28,151 WARN [main] b.BaseTest [BaseTest.java:118] Use default SUT because patrameter SUT is wrong
2019-05-22 10:47:28,156 INFO [main] b.BaseTest [BaseTest.java:217] currentPlatForm in test method=APPIUM_ANDROID_CHROME
2019-05-22 10:47:28,156 INFO [main] b.ExtentManager [ExtentManager.java:19] workingDir=C:\Users\nbontoux\Documents\Eclipse\selenium\infomil_selenium
2019-05-22 10:47:28,156 INFO [main] b.ExtentManager [ExtentManager.java:21] reportDir=C:\Users\nbontoux\Documents\Eclipse\selenium\infomil_selenium/target/ExtentReports/ExtentReportResults.html
2019-05-22 10:47:28,252 INFO [main] b.BaseTest [BaseTest.java:141] BEFORETEST
2019-05-22 10:47:28,252 INFO [main] b.BaseTest [BaseTest.java:142] testName=Default test
2019-05-22 10:47:28,252 INFO [main] b.BaseTest [BaseTest.java:217] currentPlatForm in test method=APPIUM_ANDROID_CHROME
2019-05-22 10:47:38,262 INFO [main] b.BaseTest [BaseTest.java:316] setUpDriver for APPIUM_ANDROID_CHROME
2019-05-22 10:47:38,730 INFO [main] b.BaseTest [BaseTest.java:639] Get Server status : http://localhost:4723/wd/hub/status {"sessionId":null,"value":{"build":{"version":"1.10.0"}},"status":0}
2019-05-22 10:47:38,730 INFO [main] b.BaseTest [BaseTest.java:500] Setting desiredCapabilities defined in config/appium.android.web.desiredCapabilities.properties
2019-05-22 10:47:38,735 INFO [main] b.BaseTest [BaseTest.java:506] setCapability for platformName=Android
2019-05-22 10:47:38,735 INFO [main] b.BaseTest [BaseTest.java:506] setCapability for deviceName=Android Device
2019-05-22 10:47:38,735 INFO [main] b.BaseTest [BaseTest.java:506] setCapability for noReset=true
2019-05-22 10:47:38,735 INFO [main] b.BaseTest [BaseTest.java:506] setCapability for newCommandTimeout=300
2019-05-22 10:47:38,735 INFO [main] b.BaseTest [BaseTest.java:506] setCapability for browserName=Chrome
2019-05-22 10:47:38,735 INFO [main] b.BaseTest [BaseTest.java:506] setCapability for fullReset=false
2019-05-22 10:48:03,154 INFO [main] b.BaseTest [BaseTest.java:578] get Value of battery level  level: 100

2019-05-22 10:48:03,154 INFO [main] b.BaseTest [BaseTest.java:430] driver session ID 8aa0da15-8493-4576-b420-368c404ab689
2019-05-22 10:48:03,158 INFO [main] b.BaseTest [BaseTest.java:434] driver capabilities browserName=Chrome
2019-05-22 10:48:03,158 INFO [main] b.BaseTest [BaseTest.java:434] driver capabilities databaseEnabled=false
2019-05-22 10:48:03,158 INFO [main] b.BaseTest [BaseTest.java:434] driver capabilities desired={browserName=Chrome, platformName=android, deviceName=Android Device, fullReset=false, newCommandTimeout=300, noReset=true}
2019-05-22 10:48:03,158 INFO [main] b.BaseTest [BaseTest.java:434] driver capabilities deviceManufacturer=samsung
2019-05-22 10:48:03,158 INFO [main] b.BaseTest [BaseTest.java:434] driver capabilities deviceModel=SM-A520F
2019-05-22 10:48:03,159 INFO [main] b.BaseTest [BaseTest.java:434] driver capabilities deviceName=5200bd38feca15af
2019-05-22 10:48:03,159 INFO [main] b.BaseTest [BaseTest.java:434] driver capabilities deviceScreenSize=1080x1920
2019-05-22 10:48:03,159 INFO [main] b.BaseTest [BaseTest.java:434] driver capabilities deviceUDID=5200bd38feca15af
2019-05-22 10:48:03,159 INFO [main] b.BaseTest [BaseTest.java:434] driver capabilities fullReset=false
2019-05-22 10:48:03,159 INFO [main] b.BaseTest [BaseTest.java:434] driver capabilities javascriptEnabled=true
2019-05-22 10:48:03,159 INFO [main] b.BaseTest [BaseTest.java:434] driver capabilities locationContextEnabled=false
2019-05-22 10:48:03,159 INFO [main] b.BaseTest [BaseTest.java:434] driver capabilities networkConnectionEnabled=true
2019-05-22 10:48:03,160 INFO [main] b.BaseTest [BaseTest.java:434] driver capabilities newCommandTimeout=300
2019-05-22 10:48:03,160 INFO [main] b.BaseTest [BaseTest.java:434] driver capabilities noReset=true
2019-05-22 10:48:03,160 INFO [main] b.BaseTest [BaseTest.java:434] driver capabilities platform=LINUX
2019-05-22 10:48:03,160 INFO [main] b.BaseTest [BaseTest.java:434] driver capabilities platformName=Android
2019-05-22 10:48:03,160 INFO [main] b.BaseTest [BaseTest.java:434] driver capabilities platformVersion=8.0.0
2019-05-22 10:48:03,160 INFO [main] b.BaseTest [BaseTest.java:434] driver capabilities takesScreenshot=true
2019-05-22 10:48:03,160 INFO [main] b.BaseTest [BaseTest.java:434] driver capabilities warnings={}
2019-05-22 10:48:03,160 INFO [main] b.BaseTest [BaseTest.java:434] driver capabilities webStorageEnabled=false
2019-05-22 10:48:03,170 INFO [main] b.BaseTest [BaseTest.java:176] BEFOREMETHOD
2019-05-22 10:48:03,170 INFO [main] b.BaseTest [BaseTest.java:178] methodName=buyProduct
2019-05-22 10:48:06,370 INFO [main] b.BasePage [HomePage.java:54] cliquer sur la zone de recherche
2019-05-22 10:48:07,866 INFO [main] b.BasePage [HomePage.java:60] saisir nom de magasin KO : Tokyo
2019-05-22 10:48:08,775 INFO [main] b.BasePage [HomePage.java:70] le message d'erreur est affich?
2019-05-22 10:48:09,847 INFO [main] b.BasePage [HomePage.java:89] saisir Nom du magasin OK : Roques sur Garonne
2019-05-22 10:48:09,963 INFO [main] b.BasePage [HomePage.java:97] autocompletion est affich?e
2019-05-22 10:48:10,857 INFO [main] b.BasePage [HomePage.java:107] cliquer sur le 1 er choix de l'auto completion 
2019-05-22 10:48:11,472 INFO [main] b.BasePage [HomePage.java:114]  selectionner le resultat du recherche 
2019-05-22 10:48:14,621 INFO [main] b.BasePage [HomePage.java:121] cliquer sur le bouton choisir ce drive
2019-05-22 10:48:14,621 INFO [main] b.BasePage [HomePage.java:39] Select magasin
2019-05-22 10:48:14,621 INFO [main] b.BaseTest [BuyProduct.java:41] Section selected
2019-05-22 10:48:21,013 INFO [main] b.BasePage [MagasinHomePage.java:39] PopUp closed
2019-05-22 10:48:25,014 INFO [main] b.BasePage [MagasinHomePage.java:41] Aubergines searched
2019-05-22 10:48:26,906 INFO [main] b.BasePage [MagasinHomePage.java:43] Product(s) added to basket
2019-05-22 10:48:26,906 INFO [main] b.BaseTest [BuyProduct.java:44] Product selected
2019-05-22 10:48:28,656 INFO [main] b.BaseTest [BaseTest.java:559] STEP=selectProductC:\Users\nbontoux\Documents\Eclipse\selenium\infomil_selenium\target\screenshots\Default_test_1558514906908.png
2019-05-22 10:48:42,121 INFO [main] b.BasePage [ResultPage.java:32] 10 produits ajoutes au panier
2019-05-22 10:48:43,855 INFO [main] b.BasePage [ResultPage.java:38] En chemin pour le detail panier
2019-05-22 10:48:43,855 INFO [main] b.BaseTest [BuyProduct.java:48] Product added to basket
2019-05-22 10:48:45,126 INFO [main] b.BaseTest [BaseTest.java:559] STEP=productAddedBasketC:\Users\nbontoux\Documents\Eclipse\selenium\infomil_selenium\target\screenshots\Default_test_1558514923859.png
2019-05-22 10:49:41,782 INFO [main] b.BaseTest [BuyProduct.java:52] Basket validated
2019-05-22 10:49:46,166 INFO [main] b.BaseTest [BaseTest.java:559] STEP=basketValidatedC:\Users\nbontoux\Documents\Eclipse\selenium\infomil_selenium\target\screenshots\Default_test_1558514981782.png
2019-05-22 10:49:47,787 INFO [main] b.BaseTest [BaseTest.java:559] STEP=firstHourC:\Users\nbontoux\Documents\Eclipse\selenium\infomil_selenium\target\screenshots\Default_test_1558514986379.png
2019-05-22 10:49:49,430 INFO [main] b.BaseTest [BaseTest.java:559] STEP=secondHourC:\Users\nbontoux\Documents\Eclipse\selenium\infomil_selenium\target\screenshots\Default_test_1558514988083.png
2019-05-22 10:49:50,950 INFO [main] b.BaseTest [BaseTest.java:559] STEP=thirdHourC:\Users\nbontoux\Documents\Eclipse\selenium\infomil_selenium\target\screenshots\Default_test_1558514989682.png
2019-05-22 10:50:01,945 INFO [main] b.BaseTest [BaseTest.java:559] STEP=firstHourC:\Users\nbontoux\Documents\Eclipse\selenium\infomil_selenium\target\screenshots\Default_test_1558515000751.png
2019-05-22 10:50:03,386 INFO [main] b.BaseTest [BaseTest.java:559] STEP=secondHourC:\Users\nbontoux\Documents\Eclipse\selenium\infomil_selenium\target\screenshots\Default_test_1558515002214.png
2019-05-22 10:50:04,851 INFO [main] b.BaseTest [BaseTest.java:559] STEP=thirdHourC:\Users\nbontoux\Documents\Eclipse\selenium\infomil_selenium\target\screenshots\Default_test_1558515003698.png
2019-05-22 10:53:53,637 INFO [main] b.BaseTest [BaseTest.java:183] AFTERMETHOD
2019-05-22 10:53:53,637 INFO [main] b.BaseTest [BaseTest.java:202] #####RESULT##### Default test buyProduct FAILED
2019-05-22 10:53:55,092 INFO [main] b.BaseTest [BaseTest.java:559] STEP=lastCaptureTest_Default test_buyProductC:\Users\nbontoux\Documents\Eclipse\selenium\infomil_selenium\target\screenshots\Default_test_1558515233637.png
2019-05-22 10:53:55,096 INFO [main] b.BaseTest [BaseTest.java:159] AFTERTEST
2019-05-22 10:53:55,096 INFO [main] b.BaseTest [BaseTest.java:446] closeDriver for APPIUM_ANDROID_CHROME
2019-05-22 10:53:58,507 INFO [main] b.BaseTest [BaseTest.java:131] AFTERSUITE
2019-05-22 11:02:04,093 INFO [main] b.BaseTest [BaseTest.java:100] BEFORESUITE
2019-05-22 11:02:04,098 INFO [main] b.BaseTest [BaseTest.java:102] SuiteName=Default suite
2019-05-22 11:02:04,101 INFO [main] b.BaseTest [BaseTest.java:104] resourcePath=C:\Users\nbontoux\Documents\Eclipse\selenium\infomil_selenium\src\test\resources
2019-05-22 11:02:04,101 INFO [main] b.BaseTest [BaseTest.java:106] targetPath=C:\Users\nbontoux\Documents\Eclipse\selenium\infomil_selenium\target
2019-05-22 11:02:04,106 WARN [main] b.BaseTest [BaseTest.java:118] Use default SUT because patrameter SUT is wrong
2019-05-22 11:02:04,111 INFO [main] b.BaseTest [BaseTest.java:217] currentPlatForm in test method=APPIUM_ANDROID_CHROME
2019-05-22 11:02:04,111 INFO [main] b.ExtentManager [ExtentManager.java:19] workingDir=C:\Users\nbontoux\Documents\Eclipse\selenium\infomil_selenium
2019-05-22 11:02:04,111 INFO [main] b.ExtentManager [ExtentManager.java:21] reportDir=C:\Users\nbontoux\Documents\Eclipse\selenium\infomil_selenium/target/ExtentReports/ExtentReportResults.html
2019-05-22 11:02:04,209 INFO [main] b.BaseTest [BaseTest.java:141] BEFORETEST
2019-05-22 11:02:04,210 INFO [main] b.BaseTest [BaseTest.java:142] testName=Default test
2019-05-22 11:02:04,210 INFO [main] b.BaseTest [BaseTest.java:217] currentPlatForm in test method=APPIUM_ANDROID_CHROME
2019-05-22 11:02:14,215 INFO [main] b.BaseTest [BaseTest.java:316] setUpDriver for APPIUM_ANDROID_CHROME
2019-05-22 11:02:14,679 INFO [main] b.BaseTest [BaseTest.java:639] Get Server status : http://localhost:4723/wd/hub/status {"sessionId":null,"value":{"build":{"version":"1.10.0"}},"status":0}
2019-05-22 11:02:14,684 INFO [main] b.BaseTest [BaseTest.java:500] Setting desiredCapabilities defined in config/appium.android.web.desiredCapabilities.properties
2019-05-22 11:02:14,684 INFO [main] b.BaseTest [BaseTest.java:506] setCapability for platformName=Android
2019-05-22 11:02:14,684 INFO [main] b.BaseTest [BaseTest.java:506] setCapability for deviceName=Android Device
2019-05-22 11:02:14,684 INFO [main] b.BaseTest [BaseTest.java:506] setCapability for noReset=true
2019-05-22 11:02:14,684 INFO [main] b.BaseTest [BaseTest.java:506] setCapability for newCommandTimeout=300
2019-05-22 11:02:14,684 INFO [main] b.BaseTest [BaseTest.java:506] setCapability for browserName=Chrome
2019-05-22 11:02:14,684 INFO [main] b.BaseTest [BaseTest.java:506] setCapability for fullReset=false
2019-05-22 11:02:39,280 INFO [main] b.BaseTest [BaseTest.java:578] get Value of battery level  level: 100

2019-05-22 11:02:39,280 INFO [main] b.BaseTest [BaseTest.java:430] driver session ID b43a52f8-32e8-4a09-b90f-78b90ab6b380
2019-05-22 11:02:39,280 INFO [main] b.BaseTest [BaseTest.java:434] driver capabilities browserName=Chrome
2019-05-22 11:02:39,284 INFO [main] b.BaseTest [BaseTest.java:434] driver capabilities databaseEnabled=false
2019-05-22 11:02:39,284 INFO [main] b.BaseTest [BaseTest.java:434] driver capabilities desired={browserName=Chrome, platformName=android, deviceName=Android Device, fullReset=false, newCommandTimeout=300, noReset=true}
2019-05-22 11:02:39,284 INFO [main] b.BaseTest [BaseTest.java:434] driver capabilities deviceManufacturer=samsung
2019-05-22 11:02:39,284 INFO [main] b.BaseTest [BaseTest.java:434] driver capabilities deviceModel=SM-A520F
2019-05-22 11:02:39,284 INFO [main] b.BaseTest [BaseTest.java:434] driver capabilities deviceName=5200bd38feca15af
2019-05-22 11:02:39,284 INFO [main] b.BaseTest [BaseTest.java:434] driver capabilities deviceScreenSize=1080x1920
2019-05-22 11:02:39,284 INFO [main] b.BaseTest [BaseTest.java:434] driver capabilities deviceUDID=5200bd38feca15af
2019-05-22 11:02:39,284 INFO [main] b.BaseTest [BaseTest.java:434] driver capabilities fullReset=false
2019-05-22 11:02:39,284 INFO [main] b.BaseTest [BaseTest.java:434] driver capabilities javascriptEnabled=true
2019-05-22 11:02:39,284 INFO [main] b.BaseTest [BaseTest.java:434] driver capabilities locationContextEnabled=false
2019-05-22 11:02:39,285 INFO [main] b.BaseTest [BaseTest.java:434] driver capabilities networkConnectionEnabled=true
2019-05-22 11:02:39,285 INFO [main] b.BaseTest [BaseTest.java:434] driver capabilities newCommandTimeout=300
2019-05-22 11:02:39,285 INFO [main] b.BaseTest [BaseTest.java:434] driver capabilities noReset=true
2019-05-22 11:02:39,285 INFO [main] b.BaseTest [BaseTest.java:434] driver capabilities platform=LINUX
2019-05-22 11:02:39,285 INFO [main] b.BaseTest [BaseTest.java:434] driver capabilities platformName=Android
2019-05-22 11:02:39,285 INFO [main] b.BaseTest [BaseTest.java:434] driver capabilities platformVersion=8.0.0
2019-05-22 11:02:39,285 INFO [main] b.BaseTest [BaseTest.java:434] driver capabilities takesScreenshot=true
2019-05-22 11:02:39,285 INFO [main] b.BaseTest [BaseTest.java:434] driver capabilities warnings={}
2019-05-22 11:02:39,285 INFO [main] b.BaseTest [BaseTest.java:434] driver capabilities webStorageEnabled=false
2019-05-22 11:02:39,291 INFO [main] b.BaseTest [BaseTest.java:176] BEFOREMETHOD
2019-05-22 11:02:39,291 INFO [main] b.BaseTest [BaseTest.java:178] methodName=buyProduct
2019-05-22 11:02:42,693 INFO [main] b.BasePage [HomePage.java:54] cliquer sur la zone de recherche
2019-05-22 11:02:43,724 INFO [main] b.BasePage [HomePage.java:60] saisir nom de magasin KO : Tokyo
2019-05-22 11:02:48,489 INFO [main] b.BasePage [HomePage.java:70] le message d'erreur est affich?
2019-05-22 11:02:49,581 INFO [main] b.BasePage [HomePage.java:89] saisir Nom du magasin OK : Roques sur Garonne
2019-05-22 11:02:49,660 INFO [main] b.BasePage [HomePage.java:97] autocompletion est affich?e
2019-05-22 11:02:50,466 INFO [main] b.BasePage [HomePage.java:107] cliquer sur le 1 er choix de l'auto completion 
2019-05-22 11:02:51,242 INFO [main] b.BasePage [HomePage.java:114]  selectionner le resultat du recherche 
2019-05-22 11:02:54,399 INFO [main] b.BasePage [HomePage.java:121] cliquer sur le bouton choisir ce drive
2019-05-22 11:02:54,399 INFO [main] b.BasePage [HomePage.java:39] Select magasin
2019-05-22 11:02:54,403 INFO [main] b.BaseTest [BuyProduct.java:41] Section selected
2019-05-22 11:03:00,824 INFO [main] b.BasePage [MagasinHomePage.java:39] PopUp closed
2019-05-22 11:03:04,826 INFO [main] b.BasePage [MagasinHomePage.java:41] Aubergines searched
2019-05-22 11:03:06,085 INFO [main] b.BasePage [MagasinHomePage.java:43] Product(s) added to basket
2019-05-22 11:03:06,086 INFO [main] b.BaseTest [BuyProduct.java:44] Product selected
2019-05-22 11:03:07,889 INFO [main] b.BaseTest [BaseTest.java:559] STEP=selectProductC:\Users\nbontoux\Documents\Eclipse\selenium\infomil_selenium\target\screenshots\Default_test_1558515786086.png
2019-05-22 11:03:30,934 INFO [main] b.BasePage [ResultPage.java:32] 10 produits ajoutes au panier
2019-05-22 11:03:32,716 INFO [main] b.BasePage [ResultPage.java:38] En chemin pour le detail panier
2019-05-22 11:03:32,716 INFO [main] b.BaseTest [BuyProduct.java:48] Product added to basket
2019-05-22 11:03:34,068 INFO [main] b.BaseTest [BaseTest.java:559] STEP=productAddedBasketC:\Users\nbontoux\Documents\Eclipse\selenium\infomil_selenium\target\screenshots\Default_test_1558515812716.png
2019-05-22 11:04:23,368 INFO [main] b.BaseTest [BuyProduct.java:52] Basket validated
2019-05-22 11:04:27,804 INFO [main] b.BaseTest [BaseTest.java:559] STEP=basketValidatedC:\Users\nbontoux\Documents\Eclipse\selenium\infomil_selenium\target\screenshots\Default_test_1558515863369.png
2019-05-22 11:04:29,539 INFO [main] b.BaseTest [BaseTest.java:559] STEP=firstHourC:\Users\nbontoux\Documents\Eclipse\selenium\infomil_selenium\target\screenshots\Default_test_1558515868115.png
2019-05-22 11:04:31,179 INFO [main] b.BaseTest [BaseTest.java:559] STEP=secondHourC:\Users\nbontoux\Documents\Eclipse\selenium\infomil_selenium\target\screenshots\Default_test_1558515869854.png
2019-05-22 11:04:32,917 INFO [main] b.BaseTest [BaseTest.java:559] STEP=thirdHourC:\Users\nbontoux\Documents\Eclipse\selenium\infomil_selenium\target\screenshots\Default_test_1558515871519.png
2019-05-22 11:04:42,907 INFO [main] b.BaseTest [BaseTest.java:559] STEP=firstHourC:\Users\nbontoux\Documents\Eclipse\selenium\infomil_selenium\target\screenshots\Default_test_1558515881726.png
2019-05-22 11:04:44,321 INFO [main] b.BaseTest [BaseTest.java:559] STEP=secondHourC:\Users\nbontoux\Documents\Eclipse\selenium\infomil_selenium\target\screenshots\Default_test_1558515883161.png
2019-05-22 11:04:45,750 INFO [main] b.BaseTest [BaseTest.java:559] STEP=thirdHourC:\Users\nbontoux\Documents\Eclipse\selenium\infomil_selenium\target\screenshots\Default_test_1558515884579.png
2019-05-22 11:04:53,093 INFO [main] b.BaseTest [BuyProduct.java:56] Hour choosed
2019-05-22 11:04:54,425 INFO [main] b.BaseTest [BaseTest.java:559] STEP=hourChoosedC:\Users\nbontoux\Documents\Eclipse\selenium\infomil_selenium\target\screenshots\Default_test_1558515893093.png
2019-05-22 11:05:32,108 INFO [main] b.BaseTest [BuyProduct.java:60] BasketRecap validated
2019-05-22 11:05:35,295 INFO [main] b.BaseTest [BaseTest.java:559] STEP=basketRecapValidC:\Users\nbontoux\Documents\Eclipse\selenium\infomil_selenium\target\screenshots\Default_test_1558515932109.png
2019-05-22 11:05:38,932 INFO [main] b.BaseTest [BuyProduct.java:73] Client connecté
2019-05-22 11:05:46,642 INFO [main] b.BaseTest [BaseTest.java:559] STEP=clientLoggedC:\Users\nbontoux\Documents\Eclipse\selenium\infomil_selenium\target\screenshots\Default_test_1558515938933.png
2019-05-22 11:06:49,007 INFO [main] b.BaseTest [BaseTest.java:183] AFTERMETHOD
2019-05-22 11:06:49,008 INFO [main] b.BaseTest [BaseTest.java:202] #####RESULT##### Default test buyProduct FAILED
2019-05-22 11:06:51,473 INFO [main] b.BaseTest [BaseTest.java:559] STEP=lastCaptureTest_Default test_buyProductC:\Users\nbontoux\Documents\Eclipse\selenium\infomil_selenium\target\screenshots\Default_test_1558516009008.png
2019-05-22 11:06:51,481 INFO [main] b.BaseTest [BaseTest.java:159] AFTERTEST
2019-05-22 11:06:51,482 INFO [main] b.BaseTest [BaseTest.java:446] closeDriver for APPIUM_ANDROID_CHROME
2019-05-22 11:06:55,059 INFO [main] b.BaseTest [BaseTest.java:131] AFTERSUITE
2019-05-23 15:07:04,341 INFO [main] b.BaseTest [BaseTest.java:100] BEFORESUITE
2019-05-23 15:07:04,346 INFO [main] b.BaseTest [BaseTest.java:102] SuiteName=Default suite
2019-05-23 15:07:04,351 INFO [main] b.BaseTest [BaseTest.java:104] resourcePath=C:\Users\nbontoux\Documents\Eclipse\selenium\infomil_selenium\src\test\resources
2019-05-23 15:07:04,353 INFO [main] b.BaseTest [BaseTest.java:106] targetPath=C:\Users\nbontoux\Documents\Eclipse\selenium\infomil_selenium\target
2019-05-23 15:07:04,365 WARN [main] b.BaseTest [BaseTest.java:118] Use default SUT because patrameter SUT is wrong
2019-05-23 15:07:04,369 INFO [main] b.BaseTest [BaseTest.java:217] currentPlatForm in test method=APPIUM_ANDROID_CHROME
2019-05-23 15:07:04,373 INFO [main] b.ExtentManager [ExtentManager.java:19] workingDir=C:\Users\nbontoux\Documents\Eclipse\selenium\infomil_selenium
2019-05-23 15:07:04,373 INFO [main] b.ExtentManager [ExtentManager.java:21] reportDir=C:\Users\nbontoux\Documents\Eclipse\selenium\infomil_selenium/target/ExtentReports/ExtentReportResults.html
2019-05-23 15:07:04,616 INFO [main] b.BaseTest [BaseTest.java:141] BEFORETEST
2019-05-23 15:07:04,617 INFO [main] b.BaseTest [BaseTest.java:142] testName=Default test
2019-05-23 15:07:04,617 INFO [main] b.BaseTest [BaseTest.java:217] currentPlatForm in test method=APPIUM_ANDROID_CHROME
2019-05-23 15:07:14,640 INFO [main] b.BaseTest [BaseTest.java:316] setUpDriver for APPIUM_ANDROID_CHROME
2019-05-23 15:07:15,769 INFO [main] b.BaseTest [BaseTest.java:639] Get Server status : http://localhost:4723/wd/hub/status {"sessionId":null,"value":{"build":{"version":"1.10.0"}},"status":0}
2019-05-23 15:07:15,769 INFO [main] b.BaseTest [BaseTest.java:500] Setting desiredCapabilities defined in config/appium.android.web.desiredCapabilities.properties
2019-05-23 15:07:15,772 INFO [main] b.BaseTest [BaseTest.java:506] setCapability for platformName=Android
2019-05-23 15:07:15,774 INFO [main] b.BaseTest [BaseTest.java:506] setCapability for deviceName=Android Device
2019-05-23 15:07:15,774 INFO [main] b.BaseTest [BaseTest.java:506] setCapability for noReset=true
2019-05-23 15:07:15,774 INFO [main] b.BaseTest [BaseTest.java:506] setCapability for newCommandTimeout=300
2019-05-23 15:07:15,775 INFO [main] b.BaseTest [BaseTest.java:506] setCapability for browserName=Chrome
2019-05-23 15:07:15,775 INFO [main] b.BaseTest [BaseTest.java:506] setCapability for fullReset=false
2019-05-23 15:08:09,914 INFO [main] b.BaseTest [BaseTest.java:578] get Value of battery level  level: 66

2019-05-23 15:08:09,915 INFO [main] b.BaseTest [BaseTest.java:430] driver session ID 179da985-8622-4d02-a436-d10578affda1
2019-05-23 15:08:09,916 INFO [main] b.BaseTest [BaseTest.java:434] driver capabilities browserName=Chrome
2019-05-23 15:08:09,916 INFO [main] b.BaseTest [BaseTest.java:434] driver capabilities databaseEnabled=false
2019-05-23 15:08:09,916 INFO [main] b.BaseTest [BaseTest.java:434] driver capabilities desired={browserName=Chrome, platformName=android, deviceName=Android Device, fullReset=false, newCommandTimeout=300, noReset=true}
2019-05-23 15:08:09,917 INFO [main] b.BaseTest [BaseTest.java:434] driver capabilities deviceManufacturer=HUAWEI
2019-05-23 15:08:09,917 INFO [main] b.BaseTest [BaseTest.java:434] driver capabilities deviceModel=GRACE
2019-05-23 15:08:09,917 INFO [main] b.BaseTest [BaseTest.java:434] driver capabilities deviceName=S7M0215421005905
2019-05-23 15:08:09,918 INFO [main] b.BaseTest [BaseTest.java:434] driver capabilities deviceScreenSize=1080x1920
2019-05-23 15:08:09,918 INFO [main] b.BaseTest [BaseTest.java:434] driver capabilities deviceUDID=S7M0215421005905
2019-05-23 15:08:09,918 INFO [main] b.BaseTest [BaseTest.java:434] driver capabilities fullReset=false
2019-05-23 15:08:09,918 INFO [main] b.BaseTest [BaseTest.java:434] driver capabilities javascriptEnabled=true
2019-05-23 15:08:09,919 INFO [main] b.BaseTest [BaseTest.java:434] driver capabilities locationContextEnabled=false
2019-05-23 15:08:09,919 INFO [main] b.BaseTest [BaseTest.java:434] driver capabilities networkConnectionEnabled=true
2019-05-23 15:08:09,919 INFO [main] b.BaseTest [BaseTest.java:434] driver capabilities newCommandTimeout=300
2019-05-23 15:08:09,920 INFO [main] b.BaseTest [BaseTest.java:434] driver capabilities noReset=true
2019-05-23 15:08:09,920 INFO [main] b.BaseTest [BaseTest.java:434] driver capabilities platform=LINUX
2019-05-23 15:08:09,920 INFO [main] b.BaseTest [BaseTest.java:434] driver capabilities platformName=Android
2019-05-23 15:08:09,920 INFO [main] b.BaseTest [BaseTest.java:434] driver capabilities platformVersion=6.0
2019-05-23 15:08:09,921 INFO [main] b.BaseTest [BaseTest.java:434] driver capabilities takesScreenshot=true
2019-05-23 15:08:09,921 INFO [main] b.BaseTest [BaseTest.java:434] driver capabilities warnings={}
2019-05-23 15:08:09,921 INFO [main] b.BaseTest [BaseTest.java:434] driver capabilities webStorageEnabled=false
2019-05-23 15:08:09,938 INFO [main] b.BaseTest [BaseTest.java:176] BEFOREMETHOD
2019-05-23 15:08:09,938 INFO [main] b.BaseTest [BaseTest.java:178] methodName=buyProduct
2019-05-23 15:08:21,317 INFO [main] b.BasePage [MagasinHomePage.java:39] PopUp closed
2019-05-23 15:08:26,801 INFO [main] b.BasePage [MagasinHomePage.java:41] Aubergines searched
2019-05-23 15:08:28,933 INFO [main] b.BasePage [MagasinHomePage.java:43] Product(s) added to basket
2019-05-23 15:08:28,933 INFO [main] b.BaseTest [BuyProduct.java:41] Product selected
2019-05-23 15:08:31,098 INFO [main] b.BaseTest [BaseTest.java:559] STEP=selectProductC:\Users\nbontoux\Documents\Eclipse\selenium\infomil_selenium\target\screenshots\Default_test_1558616908934.png
2019-05-23 15:08:38,844 INFO [main] b.BasePage [ResultPage.java:32] 10 produits ajoutes au panier
2019-05-23 15:08:41,812 INFO [main] b.BasePage [ResultPage.java:38] En chemin pour le detail panier
2019-05-23 15:08:41,812 INFO [main] b.BaseTest [BuyProduct.java:45] Product added to basket
2019-05-23 15:08:43,541 INFO [main] b.BaseTest [BaseTest.java:559] STEP=productAddedBasketC:\Users\nbontoux\Documents\Eclipse\selenium\infomil_selenium\target\screenshots\Default_test_1558616921813.png
2019-06-24 17:37:30,824 INFO [main] b.BaseTest [BaseTest.java:100] BEFORESUITE
2019-06-24 17:37:30,829 INFO [main] b.BaseTest [BaseTest.java:102] SuiteName=Default suite
2019-06-24 17:37:30,833 INFO [main] b.BaseTest [BaseTest.java:104] resourcePath=C:\Users\dtrapari\Documents\infomil\src\test\resources
2019-06-24 17:37:30,835 INFO [main] b.BaseTest [BaseTest.java:106] targetPath=C:\Users\dtrapari\Documents\infomil\target
2019-06-24 17:37:30,836 WARN [main] b.BaseTest [BaseTest.java:118] Use default SUT because patrameter SUT is wrong
2019-06-24 17:37:30,840 INFO [main] b.BaseTest [BaseTest.java:217] currentPlatForm in test method=APPIUM_ANDROID_CHROME
2019-06-24 17:37:30,859 INFO [main] b.ExtentManager [ExtentManager.java:19] workingDir=C:\Users\dtrapari\Documents\infomil
2019-06-24 17:37:30,859 INFO [main] b.ExtentManager [ExtentManager.java:21] reportDir=C:\Users\dtrapari\Documents\infomil/target/ExtentReports/ExtentReportResults.html
2019-06-24 17:37:31,075 INFO [main] b.BaseTest [BaseTest.java:141] BEFORETEST
2019-06-24 17:37:31,076 INFO [main] b.BaseTest [BaseTest.java:142] testName=Default test
2019-06-24 17:37:31,077 INFO [main] b.BaseTest [BaseTest.java:217] currentPlatForm in test method=APPIUM_ANDROID_CHROME
2019-06-24 17:37:55,533 INFO [main] b.BaseTest [BaseTest.java:100] BEFORESUITE
2019-06-24 17:37:55,540 INFO [main] b.BaseTest [BaseTest.java:102] SuiteName=Default suite
2019-06-24 17:37:55,544 INFO [main] b.BaseTest [BaseTest.java:104] resourcePath=C:\Users\dtrapari\Documents\infomil\src\test\resources
2019-06-24 17:37:55,546 INFO [main] b.BaseTest [BaseTest.java:106] targetPath=C:\Users\dtrapari\Documents\infomil\target
2019-06-24 17:37:55,547 WARN [main] b.BaseTest [BaseTest.java:118] Use default SUT because patrameter SUT is wrong
2019-06-24 17:37:55,553 INFO [main] b.BaseTest [BaseTest.java:217] currentPlatForm in test method=APPIUM_ANDROID_CHROME
2019-06-24 17:37:55,572 INFO [main] b.ExtentManager [ExtentManager.java:19] workingDir=C:\Users\dtrapari\Documents\infomil
2019-06-24 17:37:55,573 INFO [main] b.ExtentManager [ExtentManager.java:21] reportDir=C:\Users\dtrapari\Documents\infomil/target/ExtentReports/ExtentReportResults.html
2019-06-24 17:37:55,742 INFO [main] b.BaseTest [BaseTest.java:141] BEFORETEST
2019-06-24 17:37:55,742 INFO [main] b.BaseTest [BaseTest.java:142] testName=Default test
2019-06-24 17:37:55,743 INFO [main] b.BaseTest [BaseTest.java:217] currentPlatForm in test method=APPIUM_ANDROID_CHROME
2019-06-24 17:38:05,755 INFO [main] b.BaseTest [BaseTest.java:316] setUpDriver for APPIUM_ANDROID_CHROME
2019-06-24 17:38:07,001 INFO [main] b.BaseTest [BaseTest.java:639] Get Server status : http://localhost:4723/wd/hub/status {"sessionId":null,"value":{"build":{"version":"1.12.1"}},"status":0}
2019-06-24 17:38:07,002 INFO [main] b.BaseTest [BaseTest.java:500] Setting desiredCapabilities defined in config/appium.android.web.desiredCapabilities.properties
2019-06-24 17:38:07,008 INFO [main] b.BaseTest [BaseTest.java:506] setCapability for platformName=Android
2019-06-24 17:38:07,009 INFO [main] b.BaseTest [BaseTest.java:506] setCapability for deviceName=Android Device
2019-06-24 17:38:07,009 INFO [main] b.BaseTest [BaseTest.java:506] setCapability for noReset=true
2019-06-24 17:38:07,010 INFO [main] b.BaseTest [BaseTest.java:506] setCapability for newCommandTimeout=300
2019-06-24 17:38:07,010 INFO [main] b.BaseTest [BaseTest.java:506] setCapability for browserName=Chrome
2019-06-24 17:38:07,010 INFO [main] b.BaseTest [BaseTest.java:506] setCapability for fullReset=false
2019-06-24 17:39:29,021 INFO [main] b.BaseTest [BaseTest.java:578] get Value of battery level  level: 12

2019-06-24 17:39:29,023 INFO [main] b.BaseTest [BaseTest.java:430] driver session ID ee9e7286-188b-4f6c-be00-0842fc5be776
2019-06-24 17:39:29,023 INFO [main] b.BaseTest [BaseTest.java:434] driver capabilities browserName=Chrome
2019-06-24 17:39:29,023 INFO [main] b.BaseTest [BaseTest.java:434] driver capabilities databaseEnabled=false
2019-06-24 17:39:29,024 INFO [main] b.BaseTest [BaseTest.java:434] driver capabilities desired={browserName=Chrome, platformName=android, deviceName=Android Device, fullReset=false, newCommandTimeout=300, noReset=true}
2019-06-24 17:39:29,024 INFO [main] b.BaseTest [BaseTest.java:434] driver capabilities deviceManufacturer=samsung
2019-06-24 17:39:29,024 INFO [main] b.BaseTest [BaseTest.java:434] driver capabilities deviceModel=SM-J530F
2019-06-24 17:39:29,025 INFO [main] b.BaseTest [BaseTest.java:434] driver capabilities deviceName=5200a7d5f4047421
2019-06-24 17:39:29,025 INFO [main] b.BaseTest [BaseTest.java:434] driver capabilities deviceScreenSize=720x1280
2019-06-24 17:39:29,026 INFO [main] b.BaseTest [BaseTest.java:434] driver capabilities deviceUDID=5200a7d5f4047421
2019-06-24 17:39:29,026 INFO [main] b.BaseTest [BaseTest.java:434] driver capabilities fullReset=false
2019-06-24 17:39:29,026 INFO [main] b.BaseTest [BaseTest.java:434] driver capabilities javascriptEnabled=true
2019-06-24 17:39:29,027 INFO [main] b.BaseTest [BaseTest.java:434] driver capabilities locationContextEnabled=false
2019-06-24 17:39:29,027 INFO [main] b.BaseTest [BaseTest.java:434] driver capabilities networkConnectionEnabled=true
2019-06-24 17:39:29,027 INFO [main] b.BaseTest [BaseTest.java:434] driver capabilities newCommandTimeout=300
2019-06-24 17:39:29,027 INFO [main] b.BaseTest [BaseTest.java:434] driver capabilities noReset=true
2019-06-24 17:39:29,028 INFO [main] b.BaseTest [BaseTest.java:434] driver capabilities platform=LINUX
2019-06-24 17:39:29,028 INFO [main] b.BaseTest [BaseTest.java:434] driver capabilities platformName=Android
2019-06-24 17:39:29,029 INFO [main] b.BaseTest [BaseTest.java:434] driver capabilities platformVersion=7.0
2019-06-24 17:39:29,030 INFO [main] b.BaseTest [BaseTest.java:434] driver capabilities takesScreenshot=true
2019-06-24 17:39:29,030 INFO [main] b.BaseTest [BaseTest.java:434] driver capabilities warnings={}
2019-06-24 17:39:29,031 INFO [main] b.BaseTest [BaseTest.java:434] driver capabilities webStorageEnabled=false
2019-06-24 17:39:29,053 INFO [main] b.BaseTest [BaseTest.java:176] BEFOREMETHOD
2019-06-24 17:39:29,054 INFO [main] b.BaseTest [BaseTest.java:178] methodName=buyProduct
2019-06-24 17:39:38,508 INFO [main] b.BasePage [MagasinHomePage.java:39] PopUp closed
2019-06-24 17:39:43,389 INFO [main] b.BasePage [MagasinHomePage.java:41] Aubergines searched
2019-06-24 17:39:45,106 INFO [main] b.BasePage [MagasinHomePage.java:43] Product(s) added to basket
2019-06-24 17:39:45,107 INFO [main] b.BaseTest [BuyProduct.java:41] Product selected
2019-06-24 17:39:46,193 INFO [main] b.BaseTest [BaseTest.java:559] STEP=selectProductC:\Users\dtrapari\Documents\infomil\target\screenshots\Default_test_1561390785108.png
2019-06-24 17:39:54,560 INFO [main] b.BaseTest [BaseTest.java:183] AFTERMETHOD
2019-06-24 17:39:54,563 INFO [main] b.BaseTest [BaseTest.java:202] #####RESULT##### Default test buyProduct FAILED
2019-06-24 17:39:55,579 INFO [main] b.BaseTest [BaseTest.java:559] STEP=lastCaptureTest_Default test_buyProductC:\Users\dtrapari\Documents\infomil\target\screenshots\Default_test_1561390794564.png
2019-06-24 17:39:55,594 INFO [main] b.BaseTest [BaseTest.java:159] AFTERTEST
2019-06-24 17:39:55,597 INFO [main] b.BaseTest [BaseTest.java:446] closeDriver for APPIUM_ANDROID_CHROME
2019-06-24 17:40:04,422 INFO [main] b.BaseTest [BaseTest.java:131] AFTERSUITE
2019-06-25 16:39:05,621 INFO [main] b.BaseTest [BaseTest.java:100] BEFORESUITE
2019-06-25 16:39:05,624 INFO [main] b.BaseTest [BaseTest.java:102] SuiteName=Default suite
2019-06-25 16:39:05,627 INFO [main] b.BaseTest [BaseTest.java:104] resourcePath=C:\Users\dtrapari\Documents\infomil\src\test\resources
2019-06-25 16:39:05,628 INFO [main] b.BaseTest [BaseTest.java:106] targetPath=C:\Users\dtrapari\Documents\infomil\target
2019-06-25 16:39:05,628 WARN [main] b.BaseTest [BaseTest.java:118] Use default SUT because patrameter SUT is wrong
2019-06-25 16:39:05,630 INFO [main] b.BaseTest [BaseTest.java:217] currentPlatForm in test method=APPIUM_ANDROID_CHROME
2019-06-25 16:39:05,641 INFO [main] b.ExtentManager [ExtentManager.java:19] workingDir=C:\Users\dtrapari\Documents\infomil
2019-06-25 16:39:05,641 INFO [main] b.ExtentManager [ExtentManager.java:21] reportDir=C:\Users\dtrapari\Documents\infomil/target/ExtentReports/ExtentReportResults.html
2019-06-25 16:39:05,804 INFO [main] b.BaseTest [BaseTest.java:141] BEFORETEST
2019-06-25 16:39:05,804 INFO [main] b.BaseTest [BaseTest.java:142] testName=Default test
2019-06-25 16:39:05,805 INFO [main] b.BaseTest [BaseTest.java:217] currentPlatForm in test method=APPIUM_ANDROID_CHROME
2019-06-25 16:39:15,812 INFO [main] b.BaseTest [BaseTest.java:316] setUpDriver for APPIUM_ANDROID_CHROME
2019-06-25 16:39:16,557 INFO [main] b.BaseTest [BaseTest.java:639] Get Server status : http://localhost:4723/wd/hub/status {"sessionId":null,"value":{"build":{"version":"1.12.1"}},"status":0}
2019-06-25 16:39:16,558 INFO [main] b.BaseTest [BaseTest.java:500] Setting desiredCapabilities defined in config/appium.android.web.desiredCapabilities.properties
2019-06-25 16:39:16,560 INFO [main] b.BaseTest [BaseTest.java:506] setCapability for platformName=Android
2019-06-25 16:39:16,560 INFO [main] b.BaseTest [BaseTest.java:506] setCapability for deviceName=Android Device
2019-06-25 16:39:16,560 INFO [main] b.BaseTest [BaseTest.java:506] setCapability for noReset=true
2019-06-25 16:39:16,560 INFO [main] b.BaseTest [BaseTest.java:506] setCapability for newCommandTimeout=300
2019-06-25 16:39:16,561 INFO [main] b.BaseTest [BaseTest.java:506] setCapability for browserName=Chrome
2019-06-25 16:39:16,561 INFO [main] b.BaseTest [BaseTest.java:506] setCapability for fullReset=false
2019-06-25 16:39:23,942 ERROR [main] b.BaseTest [BaseTest.java:439] It is impossible to create a new session because 'createSession' which takes HttpClient, InputStream and long was not found or it is not accessible
Build info: version: '3.141.59', revision: 'e82be7d358', time: '2018-11-14T08:17:03'
System info: host: 'LFR036285', ip: '10.226.181.82', os.name: 'Windows 10', os.arch: 'amd64', os.version: '10.0', java.version: '1.8.0_181'
Driver info: driver.version: AndroidDriver
2019-06-25 16:39:23,956 INFO [main] b.BaseTest [BaseTest.java:176] BEFOREMETHOD
2019-06-25 16:39:23,957 INFO [main] b.BaseTest [BaseTest.java:178] methodName=buyProduct
2019-06-25 16:39:23,996 INFO [main] b.BaseTest [BaseTest.java:183] AFTERMETHOD
2019-06-25 16:39:23,997 INFO [main] b.BaseTest [BaseTest.java:202] #####RESULT##### Default test buyProduct FAILED
2019-06-25 16:39:24,002 INFO [main] b.BaseTest [BaseTest.java:159] AFTERTEST
2019-06-25 16:39:24,004 INFO [main] b.BaseTest [BaseTest.java:446] closeDriver for APPIUM_ANDROID_CHROME
2019-06-25 16:39:24,292 INFO [main] b.BaseTest [BaseTest.java:131] AFTERSUITE
2019-06-25 16:41:09,319 INFO [main] b.BaseTest [BaseTest.java:100] BEFORESUITE
2019-06-25 16:41:09,324 INFO [main] b.BaseTest [BaseTest.java:102] SuiteName=Default suite
2019-06-25 16:41:09,328 INFO [main] b.BaseTest [BaseTest.java:104] resourcePath=C:\Users\dtrapari\Documents\infomil\src\test\resources
2019-06-25 16:41:09,330 INFO [main] b.BaseTest [BaseTest.java:106] targetPath=C:\Users\dtrapari\Documents\infomil\target
2019-06-25 16:41:09,331 WARN [main] b.BaseTest [BaseTest.java:118] Use default SUT because patrameter SUT is wrong
2019-06-25 16:41:09,334 INFO [main] b.BaseTest [BaseTest.java:217] currentPlatForm in test method=APPIUM_ANDROID_CHROME
2019-06-25 16:41:09,348 INFO [main] b.ExtentManager [ExtentManager.java:19] workingDir=C:\Users\dtrapari\Documents\infomil
2019-06-25 16:41:09,349 INFO [main] b.ExtentManager [ExtentManager.java:21] reportDir=C:\Users\dtrapari\Documents\infomil/target/ExtentReports/ExtentReportResults.html
2019-06-25 16:41:09,480 INFO [main] b.BaseTest [BaseTest.java:141] BEFORETEST
2019-06-25 16:41:09,481 INFO [main] b.BaseTest [BaseTest.java:142] testName=Default test
2019-06-25 16:41:09,481 INFO [main] b.BaseTest [BaseTest.java:217] currentPlatForm in test method=APPIUM_ANDROID_CHROME
2019-06-25 16:41:19,487 INFO [main] b.BaseTest [BaseTest.java:316] setUpDriver for APPIUM_ANDROID_CHROME
2019-06-25 16:41:20,040 INFO [main] b.BaseTest [BaseTest.java:639] Get Server status : http://localhost:4723/wd/hub/status {"sessionId":null,"value":{"build":{"version":"1.12.1"}},"status":0}
2019-06-25 16:41:20,040 INFO [main] b.BaseTest [BaseTest.java:500] Setting desiredCapabilities defined in config/appium.android.web.desiredCapabilities.properties
2019-06-25 16:41:20,043 INFO [main] b.BaseTest [BaseTest.java:506] setCapability for platformName=Android
2019-06-25 16:41:20,043 INFO [main] b.BaseTest [BaseTest.java:506] setCapability for deviceName=Android Device
2019-06-25 16:41:20,043 INFO [main] b.BaseTest [BaseTest.java:506] setCapability for noReset=true
2019-06-25 16:41:20,044 INFO [main] b.BaseTest [BaseTest.java:506] setCapability for newCommandTimeout=300
2019-06-25 16:41:20,044 INFO [main] b.BaseTest [BaseTest.java:506] setCapability for browserName=Chrome
2019-06-25 16:41:20,044 INFO [main] b.BaseTest [BaseTest.java:506] setCapability for fullReset=false
2019-06-25 16:41:57,992 INFO [main] b.BaseTest [BaseTest.java:578] get Value of battery level  level: 100

2019-06-25 16:41:57,992 INFO [main] b.BaseTest [BaseTest.java:430] driver session ID 4a325b9c-ce2f-4022-9bc6-f328d3988218
2019-06-25 16:41:57,992 INFO [main] b.BaseTest [BaseTest.java:434] driver capabilities browserName=Chrome
2019-06-25 16:41:57,992 INFO [main] b.BaseTest [BaseTest.java:434] driver capabilities databaseEnabled=false
2019-06-25 16:41:57,992 INFO [main] b.BaseTest [BaseTest.java:434] driver capabilities desired={browserName=Chrome, platformName=android, deviceName=Android Device, fullReset=false, newCommandTimeout=300, noReset=true}
2019-06-25 16:41:57,993 INFO [main] b.BaseTest [BaseTest.java:434] driver capabilities deviceManufacturer=samsung
2019-06-25 16:41:57,993 INFO [main] b.BaseTest [BaseTest.java:434] driver capabilities deviceModel=SM-G930U
2019-06-25 16:41:57,993 INFO [main] b.BaseTest [BaseTest.java:434] driver capabilities deviceName=0bf146a6
2019-06-25 16:41:57,993 INFO [main] b.BaseTest [BaseTest.java:434] driver capabilities deviceScreenSize=1440x2560
2019-06-25 16:41:57,993 INFO [main] b.BaseTest [BaseTest.java:434] driver capabilities deviceUDID=0bf146a6
2019-06-25 16:41:57,993 INFO [main] b.BaseTest [BaseTest.java:434] driver capabilities fullReset=false
2019-06-25 16:41:57,993 INFO [main] b.BaseTest [BaseTest.java:434] driver capabilities javascriptEnabled=true
2019-06-25 16:41:57,993 INFO [main] b.BaseTest [BaseTest.java:434] driver capabilities locationContextEnabled=false
2019-06-25 16:41:57,993 INFO [main] b.BaseTest [BaseTest.java:434] driver capabilities networkConnectionEnabled=true
2019-06-25 16:41:57,993 INFO [main] b.BaseTest [BaseTest.java:434] driver capabilities newCommandTimeout=300
2019-06-25 16:41:57,994 INFO [main] b.BaseTest [BaseTest.java:434] driver capabilities noReset=true
2019-06-25 16:41:57,994 INFO [main] b.BaseTest [BaseTest.java:434] driver capabilities platform=LINUX
2019-06-25 16:41:57,994 INFO [main] b.BaseTest [BaseTest.java:434] driver capabilities platformName=Android
2019-06-25 16:41:57,994 INFO [main] b.BaseTest [BaseTest.java:434] driver capabilities platformVersion=8.0.0
2019-06-25 16:41:57,994 INFO [main] b.BaseTest [BaseTest.java:434] driver capabilities takesScreenshot=true
2019-06-25 16:41:57,994 INFO [main] b.BaseTest [BaseTest.java:434] driver capabilities warnings={}
2019-06-25 16:41:57,994 INFO [main] b.BaseTest [BaseTest.java:434] driver capabilities webStorageEnabled=false
2019-06-25 16:41:58,003 INFO [main] b.BaseTest [BaseTest.java:176] BEFOREMETHOD
2019-06-25 16:41:58,003 INFO [main] b.BaseTest [BaseTest.java:178] methodName=buyProduct
2019-06-25 16:42:04,906 INFO [main] b.BasePage [MagasinHomePage.java:39] PopUp closed
2019-06-25 16:42:09,161 INFO [main] b.BasePage [MagasinHomePage.java:41] Aubergines searched
2019-06-25 16:42:10,692 INFO [main] b.BasePage [MagasinHomePage.java:43] Product(s) added to basket
2019-06-25 16:42:10,693 INFO [main] b.BaseTest [BuyProduct.java:41] Product selected
2019-06-25 16:42:12,452 INFO [main] b.BaseTest [BaseTest.java:559] STEP=selectProductC:\Users\dtrapari\Documents\infomil\target\screenshots\Default_test_1561473730693.png
2019-06-25 16:42:22,230 INFO [main] b.BaseTest [BaseTest.java:183] AFTERMETHOD
2019-06-25 16:42:22,230 INFO [main] b.BaseTest [BaseTest.java:202] #####RESULT##### Default test buyProduct FAILED
2019-06-25 16:42:24,293 INFO [main] b.BaseTest [BaseTest.java:559] STEP=lastCaptureTest_Default test_buyProductC:\Users\dtrapari\Documents\infomil\target\screenshots\Default_test_1561473742230.png
2019-06-25 16:42:24,311 INFO [main] b.BaseTest [BaseTest.java:159] AFTERTEST
2019-06-25 16:42:24,312 INFO [main] b.BaseTest [BaseTest.java:446] closeDriver for APPIUM_ANDROID_CHROME
2019-06-25 16:42:27,513 INFO [main] b.BaseTest [BaseTest.java:131] AFTERSUITE
2019-06-26 10:36:15,431 INFO [main] b.BaseTest [BaseTest.java:100] BEFORESUITE
2019-06-26 10:36:15,434 INFO [main] b.BaseTest [BaseTest.java:102] SuiteName=Default suite
2019-06-26 10:36:15,436 INFO [main] b.BaseTest [BaseTest.java:104] resourcePath=C:\Users\dtrapari\Documents\infomil\src\test\resources
2019-06-26 10:36:15,437 INFO [main] b.BaseTest [BaseTest.java:106] targetPath=C:\Users\dtrapari\Documents\infomil\target
2019-06-26 10:36:15,438 WARN [main] b.BaseTest [BaseTest.java:118] Use default SUT because patrameter SUT is wrong
2019-06-26 10:36:15,440 INFO [main] b.BaseTest [BaseTest.java:217] currentPlatForm in test method=APPIUM_ANDROID_CHROME
2019-06-26 10:36:15,449 INFO [main] b.ExtentManager [ExtentManager.java:19] workingDir=C:\Users\dtrapari\Documents\infomil
2019-06-26 10:36:15,449 INFO [main] b.ExtentManager [ExtentManager.java:21] reportDir=C:\Users\dtrapari\Documents\infomil/target/ExtentReports/ExtentReportResults.html
2019-06-26 10:36:15,551 INFO [main] b.BaseTest [BaseTest.java:141] BEFORETEST
2019-06-26 10:36:15,551 INFO [main] b.BaseTest [BaseTest.java:142] testName=Default test
2019-06-26 10:36:15,551 INFO [main] b.BaseTest [BaseTest.java:217] currentPlatForm in test method=APPIUM_ANDROID_CHROME
2019-06-26 10:36:25,569 INFO [main] b.BaseTest [BaseTest.java:316] setUpDriver for APPIUM_ANDROID_CHROME
2019-06-26 10:36:26,174 INFO [main] b.BaseTest [BaseTest.java:639] Get Server status : http://localhost:4723/wd/hub/status {"sessionId":null,"value":{"build":{"version":"1.12.1"}},"status":0}
2019-06-26 10:36:26,174 INFO [main] b.BaseTest [BaseTest.java:500] Setting desiredCapabilities defined in config/appium.android.web.desiredCapabilities.properties
2019-06-26 10:36:26,178 INFO [main] b.BaseTest [BaseTest.java:506] setCapability for platformName=Android
2019-06-26 10:36:26,178 INFO [main] b.BaseTest [BaseTest.java:506] setCapability for deviceName=Android Device
2019-06-26 10:36:26,178 INFO [main] b.BaseTest [BaseTest.java:506] setCapability for noReset=true
2019-06-26 10:36:26,178 INFO [main] b.BaseTest [BaseTest.java:506] setCapability for newCommandTimeout=300
2019-06-26 10:36:26,178 INFO [main] b.BaseTest [BaseTest.java:506] setCapability for browserName=Chrome
2019-06-26 10:36:26,178 INFO [main] b.BaseTest [BaseTest.java:506] setCapability for fullReset=false
2019-06-26 10:36:59,152 INFO [main] b.BaseTest [BaseTest.java:578] get Value of battery level  level: 100

2019-06-26 10:36:59,152 INFO [main] b.BaseTest [BaseTest.java:430] driver session ID b5242873-91b3-4635-9ebd-48bf3d5fb764
2019-06-26 10:36:59,152 INFO [main] b.BaseTest [BaseTest.java:434] driver capabilities browserName=Chrome
2019-06-26 10:36:59,152 INFO [main] b.BaseTest [BaseTest.java:434] driver capabilities databaseEnabled=false
2019-06-26 10:36:59,153 INFO [main] b.BaseTest [BaseTest.java:434] driver capabilities desired={browserName=Chrome, platformName=android, deviceName=Android Device, fullReset=false, newCommandTimeout=300, noReset=true}
2019-06-26 10:36:59,153 INFO [main] b.BaseTest [BaseTest.java:434] driver capabilities deviceManufacturer=samsung
2019-06-26 10:36:59,153 INFO [main] b.BaseTest [BaseTest.java:434] driver capabilities deviceModel=SM-G930U
2019-06-26 10:36:59,153 INFO [main] b.BaseTest [BaseTest.java:434] driver capabilities deviceName=0bf146a6
2019-06-26 10:36:59,153 INFO [main] b.BaseTest [BaseTest.java:434] driver capabilities deviceScreenSize=1440x2560
2019-06-26 10:36:59,153 INFO [main] b.BaseTest [BaseTest.java:434] driver capabilities deviceUDID=0bf146a6
2019-06-26 10:36:59,153 INFO [main] b.BaseTest [BaseTest.java:434] driver capabilities fullReset=false
2019-06-26 10:36:59,153 INFO [main] b.BaseTest [BaseTest.java:434] driver capabilities javascriptEnabled=true
2019-06-26 10:36:59,153 INFO [main] b.BaseTest [BaseTest.java:434] driver capabilities locationContextEnabled=false
2019-06-26 10:36:59,153 INFO [main] b.BaseTest [BaseTest.java:434] driver capabilities networkConnectionEnabled=true
2019-06-26 10:36:59,154 INFO [main] b.BaseTest [BaseTest.java:434] driver capabilities newCommandTimeout=300
2019-06-26 10:36:59,154 INFO [main] b.BaseTest [BaseTest.java:434] driver capabilities noReset=true
2019-06-26 10:36:59,154 INFO [main] b.BaseTest [BaseTest.java:434] driver capabilities platform=LINUX
2019-06-26 10:36:59,154 INFO [main] b.BaseTest [BaseTest.java:434] driver capabilities platformName=Android
2019-06-26 10:36:59,154 INFO [main] b.BaseTest [BaseTest.java:434] driver capabilities platformVersion=8.0.0
2019-06-26 10:36:59,154 INFO [main] b.BaseTest [BaseTest.java:434] driver capabilities takesScreenshot=true
2019-06-26 10:36:59,154 INFO [main] b.BaseTest [BaseTest.java:434] driver capabilities warnings={}
2019-06-26 10:36:59,154 INFO [main] b.BaseTest [BaseTest.java:434] driver capabilities webStorageEnabled=false
2019-06-26 10:36:59,163 INFO [main] b.BaseTest [BaseTest.java:176] BEFOREMETHOD
2019-06-26 10:36:59,163 INFO [main] b.BaseTest [BaseTest.java:178] methodName=buyProduct
2019-06-26 10:37:08,319 INFO [main] b.BasePage [MagasinHomePage.java:39] PopUp closed
2019-06-26 10:37:12,085 INFO [main] b.BasePage [MagasinHomePage.java:41] Aubergines searched
2019-06-26 10:37:14,884 INFO [main] b.BasePage [MagasinHomePage.java:43] Product(s) added to basket
2019-06-26 10:37:14,884 INFO [main] b.BaseTest [BuyProduct.java:41] Product selected
2019-06-26 10:37:16,608 INFO [main] b.BaseTest [BaseTest.java:559] STEP=selectProductC:\Users\dtrapari\Documents\infomil\target\screenshots\Default_test_1561538234885.png
2019-06-26 10:37:25,577 INFO [main] b.BaseTest [BaseTest.java:183] AFTERMETHOD
2019-06-26 10:37:25,578 INFO [main] b.BaseTest [BaseTest.java:202] #####RESULT##### Default test buyProduct FAILED
2019-06-26 10:37:27,580 INFO [main] b.BaseTest [BaseTest.java:559] STEP=lastCaptureTest_Default test_buyProductC:\Users\dtrapari\Documents\infomil\target\screenshots\Default_test_1561538245578.png
2019-06-26 10:37:27,604 INFO [main] b.BaseTest [BaseTest.java:159] AFTERTEST
2019-06-26 10:37:27,605 INFO [main] b.BaseTest [BaseTest.java:446] closeDriver for APPIUM_ANDROID_CHROME
2019-06-26 10:37:31,344 INFO [main] b.BaseTest [BaseTest.java:131] AFTERSUITE
2019-06-26 11:31:05,086 INFO [main] b.BaseTest [BaseTest.java:100] BEFORESUITE
2019-06-26 11:31:05,089 INFO [main] b.BaseTest [BaseTest.java:102] SuiteName=Suite Testng Android Inscription
2019-06-26 11:31:05,091 INFO [main] b.BaseTest [BaseTest.java:104] resourcePath=C:\Users\dtrapari\Documents\infomil\src\test\resources
2019-06-26 11:31:05,093 INFO [main] b.BaseTest [BaseTest.java:106] targetPath=C:\Users\dtrapari\Documents\infomil\target
2019-06-26 11:31:05,093 INFO [main] b.BaseTest [BaseTest.java:110] Suite Param : SUT=SUT_REC
2019-06-26 11:31:05,097 INFO [main] b.BaseTest [BaseTest.java:226] currentPlatForm in xml test=APPIUM_ANDROID_CHROME
2019-06-26 11:31:05,132 INFO [main] b.ExtentManager [ExtentManager.java:19] workingDir=C:\Users\dtrapari\Documents\infomil
2019-06-26 11:31:05,133 INFO [main] b.ExtentManager [ExtentManager.java:21] reportDir=C:\Users\dtrapari\Documents\infomil/target/ExtentReports/ExtentReportResults.html
2019-06-26 11:31:05,322 INFO [main] b.BaseTest [BaseTest.java:141] BEFORETEST
2019-06-26 11:31:05,323 INFO [main] b.BaseTest [BaseTest.java:142] testName=Test 13 Inscription QR Code
2019-06-26 11:31:05,323 INFO [main] b.BaseTest [BaseTest.java:149] Test Param : PlatForm=APPIUM_ANDROID_CHROME
2019-06-26 11:31:05,323 INFO [main] b.BaseTest [BaseTest.java:149] Test Param : SUT=SUT_REC
2019-06-26 11:31:05,324 INFO [main] b.BaseTest [BaseTest.java:226] currentPlatForm in xml test=APPIUM_ANDROID_CHROME
2019-06-26 11:31:15,342 INFO [main] b.BaseTest [BaseTest.java:316] setUpDriver for APPIUM_ANDROID_CHROME
2019-06-26 11:31:15,746 INFO [main] b.BaseTest [BaseTest.java:639] Get Server status : http://localhost:4723/wd/hub/status {"sessionId":null,"value":{"build":{"version":"1.12.1"}},"status":0}
2019-06-26 11:31:15,747 INFO [main] b.BaseTest [BaseTest.java:500] Setting desiredCapabilities defined in config/appium.android.web.desiredCapabilities.properties
2019-06-26 11:31:15,750 INFO [main] b.BaseTest [BaseTest.java:506] setCapability for noReset=true
2019-06-26 11:31:15,751 INFO [main] b.BaseTest [BaseTest.java:506] setCapability for newCommandTimeout=300
2019-06-26 11:31:15,751 INFO [main] b.BaseTest [BaseTest.java:506] setCapability for browserName=Chrome
2019-06-26 11:31:15,751 INFO [main] b.BaseTest [BaseTest.java:506] setCapability for platformName=Android
2019-06-26 11:31:15,752 INFO [main] b.BaseTest [BaseTest.java:506] setCapability for deviceName=Android Device
2019-06-26 11:31:15,752 INFO [main] b.BaseTest [BaseTest.java:506] setCapability for fullReset=false
2019-06-26 11:31:42,378 INFO [main] b.BaseTest [BaseTest.java:578] get Value of battery level  level: 100

2019-06-26 11:31:42,378 INFO [main] b.BaseTest [BaseTest.java:430] driver session ID 2d8e8673-ab76-4144-a13d-98e7f7f95aab
2019-06-26 11:31:42,378 INFO [main] b.BaseTest [BaseTest.java:434] driver capabilities browserName=Chrome
2019-06-26 11:31:42,379 INFO [main] b.BaseTest [BaseTest.java:434] driver capabilities databaseEnabled=false
2019-06-26 11:31:42,379 INFO [main] b.BaseTest [BaseTest.java:434] driver capabilities desired={browserName=Chrome, platformName=android, deviceName=Android Device, fullReset=false, newCommandTimeout=300, noReset=true}
2019-06-26 11:31:42,379 INFO [main] b.BaseTest [BaseTest.java:434] driver capabilities deviceManufacturer=samsung
2019-06-26 11:31:42,379 INFO [main] b.BaseTest [BaseTest.java:434] driver capabilities deviceModel=SM-G930U
2019-06-26 11:31:42,379 INFO [main] b.BaseTest [BaseTest.java:434] driver capabilities deviceName=0bf146a6
2019-06-26 11:31:42,380 INFO [main] b.BaseTest [BaseTest.java:434] driver capabilities deviceScreenSize=1440x2560
2019-06-26 11:31:42,380 INFO [main] b.BaseTest [BaseTest.java:434] driver capabilities deviceUDID=0bf146a6
2019-06-26 11:31:42,380 INFO [main] b.BaseTest [BaseTest.java:434] driver capabilities fullReset=false
2019-06-26 11:31:42,380 INFO [main] b.BaseTest [BaseTest.java:434] driver capabilities javascriptEnabled=true
2019-06-26 11:31:42,380 INFO [main] b.BaseTest [BaseTest.java:434] driver capabilities locationContextEnabled=false
2019-06-26 11:31:42,381 INFO [main] b.BaseTest [BaseTest.java:434] driver capabilities networkConnectionEnabled=true
2019-06-26 11:31:42,381 INFO [main] b.BaseTest [BaseTest.java:434] driver capabilities newCommandTimeout=300
2019-06-26 11:31:42,381 INFO [main] b.BaseTest [BaseTest.java:434] driver capabilities noReset=true
2019-06-26 11:31:42,381 INFO [main] b.BaseTest [BaseTest.java:434] driver capabilities platform=LINUX
2019-06-26 11:31:42,381 INFO [main] b.BaseTest [BaseTest.java:434] driver capabilities platformName=Android
2019-06-26 11:31:42,382 INFO [main] b.BaseTest [BaseTest.java:434] driver capabilities platformVersion=8.0.0
2019-06-26 11:31:42,382 INFO [main] b.BaseTest [BaseTest.java:434] driver capabilities takesScreenshot=true
2019-06-26 11:31:42,382 INFO [main] b.BaseTest [BaseTest.java:434] driver capabilities warnings={}
2019-06-26 11:31:42,382 INFO [main] b.BaseTest [BaseTest.java:434] driver capabilities webStorageEnabled=false
2019-06-26 11:31:42,392 INFO [main] b.BaseTest [BaseTest.java:176] BEFOREMETHOD
2019-06-26 11:31:42,393 INFO [main] b.BaseTest [BaseTest.java:178] methodName=buyProduct
2019-06-26 11:31:50,219 INFO [main] b.BasePage [MagasinHomePage.java:39] PopUp closed
2019-06-26 11:31:54,111 INFO [main] b.BasePage [MagasinHomePage.java:41] Aubergines searched
2019-06-26 11:31:55,728 INFO [main] b.BasePage [MagasinHomePage.java:43] Product(s) added to basket
2019-06-26 11:31:55,729 INFO [main] b.BaseTest [BuyProduct.java:41] Product selected
2019-06-26 11:31:57,484 INFO [main] b.BaseTest [BaseTest.java:559] STEP=selectProductC:\Users\dtrapari\Documents\infomil\target\screenshots\Test_13_Inscription_QR_Code_1561541515729.png
2019-06-26 11:32:05,914 INFO [main] b.BaseTest [BaseTest.java:183] AFTERMETHOD
2019-06-26 11:32:05,915 INFO [main] b.BaseTest [BaseTest.java:202] #####RESULT##### Test 13 Inscription QR Code buyProduct FAILED
2019-06-26 11:32:07,527 INFO [main] b.BaseTest [BaseTest.java:559] STEP=lastCaptureTest_Test 13 Inscription QR Code_buyProductC:\Users\dtrapari\Documents\infomil\target\screenshots\Test_13_Inscription_QR_Code_1561541525915.png
2019-06-26 11:32:07,540 INFO [main] b.BaseTest [BaseTest.java:159] AFTERTEST
2019-06-26 11:32:07,541 INFO [main] b.BaseTest [BaseTest.java:446] closeDriver for APPIUM_ANDROID_CHROME
2019-06-26 11:32:10,862 INFO [main] b.BaseTest [BaseTest.java:131] AFTERSUITE
2019-06-26 14:35:47,790 INFO [main] b.BaseTest [BaseTest.java:100] BEFORESUITE
2019-06-26 14:35:47,794 INFO [main] b.BaseTest [BaseTest.java:102] SuiteName=Suite Testng Android Inscription
2019-06-26 14:35:47,798 INFO [main] b.BaseTest [BaseTest.java:104] resourcePath=C:\Program Files (x86)\Jenkins\workspace\POC Headspin\infomil\src\test\resources
2019-06-26 14:35:47,799 INFO [main] b.BaseTest [BaseTest.java:106] targetPath=C:\Program Files (x86)\Jenkins\workspace\POC Headspin\infomil\target
2019-06-26 14:35:47,799 INFO [main] b.BaseTest [BaseTest.java:110] Suite Param : SUT=SUT_REC
2019-06-26 14:35:47,802 INFO [main] b.BaseTest [BaseTest.java:226] currentPlatForm in xml test=APPIUM_ANDROID_CHROME
2019-06-26 14:35:47,824 INFO [main] b.ExtentManager [ExtentManager.java:19] workingDir=C:\Program Files (x86)\Jenkins\workspace\POC Headspin\infomil
2019-06-26 14:35:47,825 INFO [main] b.ExtentManager [ExtentManager.java:21] reportDir=C:\Program Files (x86)\Jenkins\workspace\POC Headspin\infomil/target/ExtentReports/ExtentReportResults.html
2019-06-26 14:35:47,952 INFO [main] b.BaseTest [BaseTest.java:141] BEFORETEST
2019-06-26 14:35:47,952 INFO [main] b.BaseTest [BaseTest.java:142] testName=Test 13 Inscription QR Code
2019-06-26 14:35:47,952 INFO [main] b.BaseTest [BaseTest.java:149] Test Param : PlatForm=APPIUM_ANDROID_CHROME
2019-06-26 14:35:47,953 INFO [main] b.BaseTest [BaseTest.java:149] Test Param : SUT=SUT_REC
2019-06-26 14:35:47,953 INFO [main] b.BaseTest [BaseTest.java:226] currentPlatForm in xml test=APPIUM_ANDROID_CHROME
2019-06-26 14:35:57,966 INFO [main] b.BaseTest [BaseTest.java:316] setUpDriver for APPIUM_ANDROID_CHROME
2019-06-26 14:35:58,339 INFO [main] b.BaseTest [BaseTest.java:639] Get Server status : http://localhost:4723/wd/hub/status {"sessionId":null,"value":{"build":{"version":"1.12.1"}},"status":0}
2019-06-26 14:35:58,339 INFO [main] b.BaseTest [BaseTest.java:500] Setting desiredCapabilities defined in config/appium.android.web.desiredCapabilities.properties
2019-06-26 14:35:58,341 INFO [main] b.BaseTest [BaseTest.java:506] setCapability for platformName=Android
2019-06-26 14:35:58,342 INFO [main] b.BaseTest [BaseTest.java:506] setCapability for deviceName=Android Device
2019-06-26 14:35:58,342 INFO [main] b.BaseTest [BaseTest.java:506] setCapability for noReset=true
2019-06-26 14:35:58,342 INFO [main] b.BaseTest [BaseTest.java:506] setCapability for newCommandTimeout=300
2019-06-26 14:35:58,342 INFO [main] b.BaseTest [BaseTest.java:506] setCapability for browserName=Chrome
2019-06-26 14:35:58,342 INFO [main] b.BaseTest [BaseTest.java:506] setCapability for fullReset=false
2019-06-26 14:36:23,975 INFO [main] b.BaseTest [BaseTest.java:430] driver session ID 68ce6ac6-d982-4e2e-b9a8-974531314afd
2019-06-26 14:36:23,975 INFO [main] b.BaseTest [BaseTest.java:434] driver capabilities browserName=Chrome
2019-06-26 14:36:23,976 INFO [main] b.BaseTest [BaseTest.java:434] driver capabilities databaseEnabled=false
2019-06-26 14:36:23,976 INFO [main] b.BaseTest [BaseTest.java:434] driver capabilities desired={browserName=Chrome, platformName=android, deviceName=Android Device, fullReset=false, newCommandTimeout=300, noReset=true}
2019-06-26 14:36:23,976 INFO [main] b.BaseTest [BaseTest.java:434] driver capabilities deviceManufacturer=samsung
2019-06-26 14:36:23,976 INFO [main] b.BaseTest [BaseTest.java:434] driver capabilities deviceModel=SM-G930U
2019-06-26 14:36:23,977 INFO [main] b.BaseTest [BaseTest.java:434] driver capabilities deviceName=0bf146a6
2019-06-26 14:36:23,977 INFO [main] b.BaseTest [BaseTest.java:434] driver capabilities deviceScreenSize=1440x2560
2019-06-26 14:36:23,977 INFO [main] b.BaseTest [BaseTest.java:434] driver capabilities deviceUDID=0bf146a6
2019-06-26 14:36:23,977 INFO [main] b.BaseTest [BaseTest.java:434] driver capabilities fullReset=false
2019-06-26 14:36:23,977 INFO [main] b.BaseTest [BaseTest.java:434] driver capabilities javascriptEnabled=true
2019-06-26 14:36:23,977 INFO [main] b.BaseTest [BaseTest.java:434] driver capabilities locationContextEnabled=false
2019-06-26 14:36:23,978 INFO [main] b.BaseTest [BaseTest.java:434] driver capabilities networkConnectionEnabled=true
2019-06-26 14:36:23,978 INFO [main] b.BaseTest [BaseTest.java:434] driver capabilities newCommandTimeout=300
2019-06-26 14:36:23,978 INFO [main] b.BaseTest [BaseTest.java:434] driver capabilities noReset=true
2019-06-26 14:36:23,978 INFO [main] b.BaseTest [BaseTest.java:434] driver capabilities platform=LINUX
2019-06-26 14:36:23,978 INFO [main] b.BaseTest [BaseTest.java:434] driver capabilities platformName=Android
2019-06-26 14:36:23,978 INFO [main] b.BaseTest [BaseTest.java:434] driver capabilities platformVersion=8.0.0
2019-06-26 14:36:23,979 INFO [main] b.BaseTest [BaseTest.java:434] driver capabilities takesScreenshot=true
2019-06-26 14:36:23,979 INFO [main] b.BaseTest [BaseTest.java:434] driver capabilities warnings={}
2019-06-26 14:36:23,979 INFO [main] b.BaseTest [BaseTest.java:434] driver capabilities webStorageEnabled=false
2019-06-26 14:36:23,992 INFO [main] b.BaseTest [BaseTest.java:176] BEFOREMETHOD
2019-06-26 14:36:23,992 INFO [main] b.BaseTest [BaseTest.java:178] methodName=buyProduct
2019-06-26 14:36:30,827 INFO [main] b.BasePage [MagasinHomePage.java:39] PopUp closed
2019-06-26 14:36:34,431 INFO [main] b.BasePage [MagasinHomePage.java:41] Aubergines searched
2019-06-26 14:36:36,647 INFO [main] b.BasePage [MagasinHomePage.java:43] Product(s) added to basket
2019-06-26 14:36:36,647 INFO [main] b.BaseTest [BuyProduct.java:41] Product selected
2019-06-26 14:36:38,364 INFO [main] b.BaseTest [BaseTest.java:559] STEP=selectProductC:\Program Files (x86)\Jenkins\workspace\POC Headspin\infomil\target\screenshots\Test_13_Inscription_QR_Code_1561552596648.png
2019-06-26 14:36:47,147 INFO [main] b.BaseTest [BaseTest.java:183] AFTERMETHOD
2019-06-26 14:36:47,149 INFO [main] b.BaseTest [BaseTest.java:202] #####RESULT##### Test 13 Inscription QR Code buyProduct FAILED
2019-06-26 14:36:48,838 INFO [main] b.BaseTest [BaseTest.java:559] STEP=lastCaptureTest_Test 13 Inscription QR Code_buyProductC:\Program Files (x86)\Jenkins\workspace\POC Headspin\infomil\target\screenshots\Test_13_Inscription_QR_Code_1561552607149.png
2019-06-26 14:36:48,865 INFO [main] b.BaseTest [BaseTest.java:159] AFTERTEST
2019-06-26 14:36:48,865 INFO [main] b.BaseTest [BaseTest.java:446] closeDriver for APPIUM_ANDROID_CHROME
2019-06-26 14:36:52,463 INFO [main] b.BaseTest [BaseTest.java:131] AFTERSUITE
